-------------------------------------------------------------------------------
Test set: com.zfac025Project.ProjectCode.VictimScriptTest.SSHBruteForceVictimTest
-------------------------------------------------------------------------------
Tests run: 8, Failures: 1, Errors: 0, Skipped: 0, Time elapsed: 108.821 s <<< FAILURE! - in com.zfac025Project.ProjectCode.VictimScriptTest.SSHBruteForceVictimTest
com.zfac025Project.ProjectCode.VictimScriptTest.SSHBruteForceVictimTest.outlook  Time elapsed: 2.901 s  <<< FAILURE!
org.opentest4j.AssertionFailedError: expected: <true> but was: <false>
	at com.zfac025Project.ProjectCode.VictimScriptTest.SSHBruteForceVictimTest.outlook(SSHBruteForceVictimTest.java:64)

