<?xml version="1.0" encoding="UTF-8"?>
<testsuite xmlns:xsi="http://www.w3.org/2001/XMLSchema-instance" xsi:noNamespaceSchemaLocation="https://maven.apache.org/surefire/maven-surefire-plugin/xsd/surefire-test-report-3.0.xsd" version="3.0" name="com.zfac025Project.ProjectCode.VictimScriptTest.SniffVictimTest" time="82.952" tests="5" errors="0" skipped="0" failures="0">
  <properties>
[...]
</properties>
  <testcase name="creationTest" classname="com.zfac025Project.ProjectCode.VictimScriptTest.SniffVictimTest" time="8.583">
    <system-out><![CDATA[Successfully started: Sniffing Attack attack 

This attack type is: Complex
]]></system-out>
    <system-err><![CDATA[Starting ChromeDriver 99.0.4844.51 (d537ec02474b5afe23684e7963d538896c63ac77-refs/branch-heads/4844@{#875}) on port 39262
Only local connections are allowed.
Please see https://chromedriver.chromium.org/security-considerations for suggestions on keeping ChromeDriver safe.
ChromeDriver was started successfully.
Mar 17, 2022 5:27:18 AM org.openqa.selenium.remote.ProtocolHandshake createSession
INFO: Detected dialect: W3C
]]></system-err>
  </testcase>
  <testcase name="financialTimesTest" classname="com.zfac025Project.ProjectCode.VictimScriptTest.SniffVictimTest" time="19.627"/>
  <testcase name="skyNewsTest" classname="com.zfac025Project.ProjectCode.VictimScriptTest.SniffVictimTest" time="15.466"/>
  <testcase name="guardianTest" classname="com.zfac025Project.ProjectCode.VictimScriptTest.SniffVictimTest" time="18.568"/>
  <testcase name="bbcNewsWebsite" classname="com.zfac025Project.ProjectCode.VictimScriptTest.SniffVictimTest" time="17.964"/>
</testsuite>